<?xml version="1.0" encoding="UTF-8"?>
<!-- Generated by org.testng.reporters.JUnitXMLReporter -->
<testsuite hostname="santhoshs-MBP" name="Command line test" tests="7" failures="0" timestamp="20 Nov 2017 01:44:14 GMT" time="0.023" errors="0">
  <testcase name="mytest" time="0.008" classname="test.OtherTest">
    <skipped/>
  </testcase> <!-- mytest -->
  <testcase name="test1" time="0.0" classname="test.SomeTest"/>
  <testcase name="test2" time="0.0" classname="test.SomeTest"/>
  <testcase name="test3" time="0.001" classname="test.SomeTest"/>
  <testcase name="test4" time="0.0" classname="test.SomeTest"/>
  <testcase name="test5" time="0.0" classname="test.SomeTest"/>
  <testcase name="test6" time="0.0" classname="test.SomeTest"/>
</testsuite> <!-- Command line test -->
